[debug] [2026-05-22T08:57:08.637Z] ----------------------------------------------------------------------
[debug] [2026-05-22T08:57:08.639Z] Command:       /usr/bin/node /home/z/.npm-global/bin/firebase login:ci --no-localhost
[debug] [2026-05-22T08:57:08.639Z] CLI Version:   15.18.0
[debug] [2026-05-22T08:57:08.639Z] Platform:      linux
[debug] [2026-05-22T08:57:08.639Z] Node Version:  v24.15.0
[debug] [2026-05-22T08:57:08.639Z] Time:          Fri May 22 2026 08:57:08 GMT+0000 (Coordinated Universal Time)
[debug] [2026-05-22T08:57:08.639Z] ----------------------------------------------------------------------
[debug] 
[debug] [2026-05-22T08:57:08.641Z] >>> [apiv2][query] GET https://firebase-public.firebaseio.com/cli.json [none]
[warn] ⚠  Authenticating with a `login:ci` token is deprecated and will be removed in a future major version of `firebase-tools`. Instead, use a service account key with `GOOGLE_APPLICATION_CREDENTIALS`: https://cloud.google.com/docs/authentication/getting-started 
[debug] [2026-05-22T08:57:08.660Z] >>> [apiv2][query] POST https://auth.firebase.tools/attest [none]
[debug] [2026-05-22T08:57:08.660Z] >>> [apiv2][body] POST https://auth.firebase.tools/attest {"session_id":"588808d5-7bfd-4903-a165-ccbe5f23f58f"}
[debug] [2026-05-22T08:57:09.072Z] <<< [apiv2][status] GET https://firebase-public.firebaseio.com/cli.json 200
[debug] [2026-05-22T08:57:09.072Z] <<< [apiv2][body] GET https://firebase-public.firebaseio.com/cli.json {"cloudBuildErrorAfter":1594252800000,"cloudBuildWarnAfter":1590019200000,"defaultNode10After":1594252800000,"minVersion":"3.0.5","node8DeploysDisabledAfter":1613390400000,"node8RuntimeDisabledAfter":1615809600000,"node8WarnAfter":1600128000000}
[debug] [2026-05-22T08:57:09.111Z] <<< [apiv2][status] POST https://auth.firebase.tools/attest 200
[debug] [2026-05-22T08:57:09.111Z] <<< [apiv2][body] POST https://auth.firebase.tools/attest {"token":"cPMwASojb8oGQ6kbn---fmDhAALCvrZuuK3vAFiOFmw"}
[info] 
[info] To sign in to the Firebase CLI:
[info] 
[info] 1. Take note of your session ID:
[info] 
[info]    58880
[info] 
[info] 2. Visit the URL below on any device and follow the instructions to get your code:
[info] 
[info]    https://auth.firebase.tools/login?code_challenge=4oZ0NbXgp8Itb2rhdvFpoGS3zDZmxX6QlVXnxyYYdMI&session=588808d5-7bfd-4903-a165-ccbe5f23f58f&attest=cPMwASojb8oGQ6kbn---fmDhAALCvrZuuK3vAFiOFmw
[info] 
[info] 3. Paste or enter the authorization code below once you have it:
[info] 
